<?xml version="1.0" encoding="UTF-8"?>
<testng-results ignored="0" total="1" passed="1" failed="0" skipped="0">
  <reporter-output>
  </reporter-output>
  <suite started-at="2020-10-18T15:01:58Z" name="Default suite" finished-at="2020-10-18T15:02:17Z" duration-ms="19732">
    <groups>
    </groups>
    <test started-at="2020-10-18T15:01:58Z" name="Default test" finished-at="2020-10-18T15:02:17Z" duration-ms="19732">
      <class name="webpage.NewTest">
        <test-method is-config="true" signature="beforeMethod()[pri:0, instance:webpage.NewTest@a37aefe]" started-at="2020-10-18T20:31:58Z" name="beforeMethod" finished-at="2020-10-18T20:32:04Z" duration-ms="5976" status="PASS">
          <reporter-output>
          </reporter-output>
        </test-method> <!-- beforeMethod -->
        <test-method signature="test()[pri:0, instance:webpage.NewTest@a37aefe]" started-at="2020-10-18T20:32:04Z" name="test" finished-at="2020-10-18T20:32:12Z" duration-ms="8704" status="PASS">
          <reporter-output>
          </reporter-output>
        </test-method> <!-- test -->
        <test-method is-config="true" signature="afterMethod()[pri:0, instance:webpage.NewTest@a37aefe]" started-at="2020-10-18T20:32:12Z" name="afterMethod" finished-at="2020-10-18T20:32:17Z" duration-ms="5027" status="PASS">
          <reporter-output>
          </reporter-output>
        </test-method> <!-- afterMethod -->
      </class> <!-- webpage.NewTest -->
    </test> <!-- Default test -->
  </suite> <!-- Default suite -->
</testng-results>
